<?xml version="1.0" encoding="UTF-8"?>
<testng-results ignored="0" total="1" passed="1" failed="0" skipped="0">
  <reporter-output>
  </reporter-output>
  <suite started-at="2026-06-23T23:20:25 CDT" name="Default suite" finished-at="2026-06-23T23:20:37 CDT" duration-ms="12645">
    <groups>
    </groups>
    <test started-at="2026-06-23T23:20:25 CDT" name="Default test" finished-at="2026-06-23T23:20:37 CDT" duration-ms="12645">
      <class name="tests.LoginTest">
        <test-method is-config="true" signature="setup()[pri:0, instance:tests.LoginTest@77847718]" started-at="2026-06-23T23:20:25 CDT" name="setup" finished-at="2026-06-23T23:20:35 CDT" duration-ms="10587" status="PASS">
          <reporter-output>
          </reporter-output>
        </test-method> <!-- setup -->
        <test-method signature="verifyValidLogin()[pri:0, instance:tests.LoginTest@77847718]" started-at="2026-06-23T23:20:35 CDT" name="verifyValidLogin" finished-at="2026-06-23T23:20:37 CDT" duration-ms="1375" status="PASS">
          <reporter-output>
          </reporter-output>
        </test-method> <!-- verifyValidLogin -->
        <test-method is-config="true" signature="tearDown()[pri:0, instance:tests.LoginTest@77847718]" started-at="2026-06-23T23:20:37 CDT" name="tearDown" finished-at="2026-06-23T23:20:37 CDT" duration-ms="580" status="PASS">
          <reporter-output>
          </reporter-output>
        </test-method> <!-- tearDown -->
      </class> <!-- tests.LoginTest -->
    </test> <!-- Default test -->
  </suite> <!-- Default suite -->
</testng-results>
